<?xml version="1.0" encoding="UTF-8"?>
<!-- Generated by org.testng.reporters.JUnitXMLReporter -->
<testsuite ignored="4" hostname="DESKTOP-JJM7628" failures="0" tests="2" name="Test1" time="98.055" errors="0" timestamp="2022-03-23T10:42:44 IST">
  <testcase classname="com.vtiger.org.CreateOrganizationTestNGTest" name="createOrg" time="20.437"/>
  <testcase classname="com.vtiger.Campaign.CreateCampaignByPOMTestNgTest" name="createCampaign" time="32.162"/>
  <testcase classname="com.vtiger.GenericUtility.BaseClass" name="@BeforeSuite beforesuiteBS" time="0.0">
    <ignored/>
  </testcase> <!-- @BeforeSuite beforesuiteBS -->
  <testcase classname="com.vtiger.GenericUtility.BaseClass" name="@AfterTest afterTestAT" time="0.0">
    <ignored/>
  </testcase> <!-- @AfterTest afterTestAT -->
  <testcase classname="com.vtiger.GenericUtility.BaseClass" name="@AfterSuite afterSuiteAS" time="0.0">
    <ignored/>
  </testcase> <!-- @AfterSuite afterSuiteAS -->
  <testcase classname="com.vtiger.GenericUtility.BaseClass" name="@BeforeTest beforTestBT" time="0.0">
    <ignored/>
  </testcase> <!-- @BeforeTest beforTestBT -->
</testsuite> <!-- Test1 -->
