<?xml version="1.0" encoding="UTF-8"?>
<!-- Generated by org.testng.reporters.JUnitXMLReporter -->
<testsuite ignored="4" hostname="DESKTOP-JJM7628" failures="0" tests="2" name="Test2" time="95.253" errors="0" timestamp="2022-03-23T10:42:41 IST">
  <testcase classname="com.vtiger.org.CreateOrgByPOM_TestNgTest" name="createOrganization" time="38.493"/>
  <testcase classname="com.vtiger.testcase.Contact_emailOpt_BoxTest" name="createContacts" time="21.442"/>
  <testcase classname="com.vtiger.GenericUtility.BaseClass" name="@BeforeSuite beforesuiteBS" time="0.0">
    <ignored/>
  </testcase> <!-- @BeforeSuite beforesuiteBS -->
  <testcase classname="com.vtiger.GenericUtility.BaseClass" name="@AfterTest afterTestAT" time="0.0">
    <ignored/>
  </testcase> <!-- @AfterTest afterTestAT -->
  <testcase classname="com.vtiger.GenericUtility.BaseClass" name="@AfterSuite afterSuiteAS" time="0.0">
    <ignored/>
  </testcase> <!-- @AfterSuite afterSuiteAS -->
  <testcase classname="com.vtiger.GenericUtility.BaseClass" name="@BeforeTest beforTestBT" time="0.0">
    <ignored/>
  </testcase> <!-- @BeforeTest beforTestBT -->
</testsuite> <!-- Test2 -->
