<?xml version="1.0" encoding="UTF-8"?>
<!-- Generated by org.testng.reporters.JUnitXMLReporter -->
<testsuite ignored="4" hostname="DESKTOP-JJM7628" failures="0" tests="2" name="Test3" time="85.101" errors="0" timestamp="2022-03-23T10:42:31 IST">
  <testcase classname="com.vtiger.Campaign.CreateProductTestngTest" name="createProduct" time="24.73"/>
  <testcase classname="com.vtiger.testcase.Contact_DoNotCall_BoxTest" name="createContact" time="17.822"/>
  <testcase classname="com.vtiger.GenericUtility.BaseClass" name="@BeforeSuite beforesuiteBS" time="0.0">
    <ignored/>
  </testcase> <!-- @BeforeSuite beforesuiteBS -->
  <testcase classname="com.vtiger.GenericUtility.BaseClass" name="@AfterTest afterTestAT" time="0.0">
    <ignored/>
  </testcase> <!-- @AfterTest afterTestAT -->
  <testcase classname="com.vtiger.GenericUtility.BaseClass" name="@AfterSuite afterSuiteAS" time="0.0">
    <ignored/>
  </testcase> <!-- @AfterSuite afterSuiteAS -->
  <testcase classname="com.vtiger.GenericUtility.BaseClass" name="@BeforeTest beforTestBT" time="0.0">
    <ignored/>
  </testcase> <!-- @BeforeTest beforTestBT -->
</testsuite> <!-- Test3 -->
